Using pre-set license
Built from '2020.2/release' branch; Version is '2020.2.1f1 (270dd8c3da1c) revision 2559448'; Using compiler version '192528614'; Build Type 'Release'
OS: 'Windows 10  (10.0.0) 64bit' Language: 'es' Physical Memory: 12166 MB
BatchMode: 1, IsHumanControllingUs: 0, StartBugReporterOnCrash: 0, Is64bit: 1, IsPro: 0

 COMMAND LINE ARGUMENTS:
C:\Program Files\Unity\Hub\Editor\2020.2.1f1\Editor\Unity.exe
-adb2
-batchMode
-noUpm
-name
AssetImportWorker0
-projectPath
D:/Topicos_Fisica/efectoLava
-logFile
Logs/AssetImportWorker0.log
-srvPort
58749
Successfully changed project path to: D:/Topicos_Fisica/efectoLava
D:/Topicos_Fisica/efectoLava
Using Asset Import Pipeline V2.
Refreshing native plugins compatible for Editor in 84.33 ms, found 0 plugins.
Preloading 0 native plugins for Editor in 0.00 ms.
Initialize engine version: 2020.2.1f1 (270dd8c3da1c)
[Subsystems] Discovering subsystems at path C:/Program Files/Unity/Hub/Editor/2020.2.1f1/Editor/Data/Resources/UnitySubsystems
[Subsystems] Discovering subsystems at path D:/Topicos_Fisica/efectoLava/Assets
GfxDevice: creating device client; threaded=0
Direct3D:
    Version:  Direct3D 11.0 [level 11.1]
    Renderer: NVIDIA GeForce RTX 2060 (ID=0x1f11)
    Vendor:   
    VRAM:     5980 MB
    Driver:   27.21.14.6172
Initialize mono
Mono path[0] = 'C:/Program Files/Unity/Hub/Editor/2020.2.1f1/Editor/Data/Managed'
Mono path[1] = 'C:/Program Files/Unity/Hub/Editor/2020.2.1f1/Editor/Data/MonoBleedingEdge/lib/mono/unityjit'
Mono config path = 'C:/Program Files/Unity/Hub/Editor/2020.2.1f1/Editor/Data/MonoBleedingEdge/etc'
Using monoOptions --debugger-agent=transport=dt_socket,embedding=1,server=y,suspend=n,address=127.0.0.1:56108
Begin MonoManager ReloadAssembly
Registering precompiled unity dll's ...
Register platform support module: C:/Program Files/Unity/Hub/Editor/2020.2.1f1/Editor/Data/PlaybackEngines/WindowsStandaloneSupport/UnityEditor.WindowsStandalone.Extensions.dll
Registered in 0.004145 seconds.
Native extension for WindowsStandalone target not found
Refreshing native plugins compatible for Editor in 99.79 ms, found 0 plugins.
Preloading 0 native plugins for Editor in 0.00 ms.
Invoked RoslynAnalysisRunner static constructor.
RoslynAnalysisRunner will not be running.
RoslynAnalysisRunner has terminated.
Mono: successfully reloaded assembly
- Completed reload, in  2.292 seconds
Platform modules already initialized, skipping
Registering precompiled user dll's ...
Registered in 0.005390 seconds.
Begin MonoManager ReloadAssembly
Native extension for WindowsStandalone target not found
Refreshing native plugins compatible for Editor in 51.31 ms, found 0 plugins.
Preloading 0 native plugins for Editor in 0.00 ms.
Invoked RoslynAnalysisRunner static constructor.
RoslynAnalysisRunner will not be running.
RoslynAnalysisRunner has terminated.
Mono: successfully reloaded assembly
- Completed reload, in  0.909 seconds
Platform modules already initialized, skipping
========================================================================
Worker process is ready to serve import requests
Shader 'Universal Render Pipeline/Particles/Lit': fallback shader 'Universal Render Pipeline/Particles/SimpleLit' not found
Shader 'Universal Render Pipeline/Particles/Lit': fallback shader 'Universal Render Pipeline/Particles/SimpleLit' not found
Launched and connected shader compiler UnityShaderCompiler.exe after 0.03 seconds
Refreshing native plugins compatible for Editor in 0.37 ms, found 0 plugins.
Preloading 0 native plugins for Editor in 0.00 ms.
Unloading 2392 Unused Serialized files (Serialized files now loaded: 0)
System memory in use before: 110.2 MB.
System memory in use after: 108.1 MB.

Unloading 45 unused Assets to reduce memory usage. Loaded Objects now: 2797.
Total: 3.044100 ms (FindLiveObjects: 0.227600 ms CreateObjectMapping: 0.115900 ms MarkObjects: 1.610700 ms  DeleteObjects: 1.088800 ms)

========================================================================
Received Import Request.
  path: Assets/Readme.asset
  artifactKey: Guid(83c2ed844a8c74b779a4c823d16594b1) Importer(815301076,1909f56bfc062723c751e8b465ee728b)
Start importing Assets/Readme.asset using Guid(83c2ed844a8c74b779a4c823d16594b1) Importer(815301076,1909f56bfc062723c751e8b465ee728b)  -> (artifact id: 'cf6c1105aea63a748fcaa5f7f2e0893d') in 0.031350 seconds
  Import took 0.037784 seconds .

========================================================================
Received Import Request.
  Time since last request: 27.449520 seconds.
  path: Assets/Scenes
  artifactKey: Guid(746a03434aa842943b78ef4b975d0676) Importer(815301076,1909f56bfc062723c751e8b465ee728b)
Start importing Assets/Scenes using Guid(746a03434aa842943b78ef4b975d0676) Importer(815301076,1909f56bfc062723c751e8b465ee728b)  -> (artifact id: 'ff4b983bd696a2f5fa69bf338767304b') in 0.001093 seconds
  Import took 0.041000 seconds .

========================================================================
Received Import Request.
  Time since last request: 17.817482 seconds.
  path: Assets/Scenes/NewScene.unity
  artifactKey: Guid(ba6b681ab1c04f848af7fa062e566efc) Importer(815301076,1909f56bfc062723c751e8b465ee728b)
Start importing Assets/Scenes/NewScene.unity using Guid(ba6b681ab1c04f848af7fa062e566efc) Importer(815301076,1909f56bfc062723c751e8b465ee728b)  -> (artifact id: '04eed2a7b451d9769971fcbd0e130f00') in 0.001778 seconds
  Import took 0.005148 seconds .

========================================================================
Received Import Request.
  Time since last request: 2.115725 seconds.
  path: Assets/Scenes/SampleSceneLightingSettings.lighting
  artifactKey: Guid(477cc4148fad3449482a3bc3178594e2) Importer(815301076,1909f56bfc062723c751e8b465ee728b)
Start importing Assets/Scenes/SampleSceneLightingSettings.lighting using Guid(477cc4148fad3449482a3bc3178594e2) Importer(815301076,1909f56bfc062723c751e8b465ee728b)  -> (artifact id: '7598880cf574591aa8b1038b900592c8') in 0.002755 seconds
  Import took 0.047601 seconds .

========================================================================
Received Import Request.
  Time since last request: 15.034189 seconds.
  path: Assets/Scenes/SampleScene.unity
  artifactKey: Guid(d1c3109bdb54ad54c8a2b2838528e640) Importer(815301076,1909f56bfc062723c751e8b465ee728b)
Start importing Assets/Scenes/SampleScene.unity using Guid(d1c3109bdb54ad54c8a2b2838528e640) Importer(815301076,1909f56bfc062723c751e8b465ee728b)  -> (artifact id: 'a867ad7472e990603261dee4757b5120') in 0.001614 seconds
  Import took 0.042378 seconds .

========================================================================
Received Import Request.
  Time since last request: 245.219559 seconds.
  path: Assets/Materials/Skybox_Mat.mat
  artifactKey: Guid(0ffaa0b7117ba8c47a9d05ae701d4b4d) Importer(815301076,1909f56bfc062723c751e8b465ee728b)
Start importing Assets/Materials/Skybox_Mat.mat using Guid(0ffaa0b7117ba8c47a9d05ae701d4b4d) Importer(815301076,1909f56bfc062723c751e8b465ee728b)  -> (artifact id: 'c27f79ae21db569960de64cdc951bce4') in 0.189973 seconds
  Import took 0.194555 seconds .

========================================================================
Received Import Request.
  Time since last request: 168.267248 seconds.
  path: Assets/card.png
  artifactKey: Guid(f6071838fe9840b47b009aa37b928bac) Importer(815301076,1909f56bfc062723c751e8b465ee728b)
Start importing Assets/card.png using Guid(f6071838fe9840b47b009aa37b928bac) Importer(815301076,1909f56bfc062723c751e8b465ee728b)  -> (artifact id: '5291188541160b1c83bed6cbf0701f4e') in 0.062686 seconds
  Import took 0.066340 seconds .

========================================================================
Received Import Request.
  Time since last request: 0.000209 seconds.
  path: Assets/cardUVgrayscale.png
  artifactKey: Guid(05603858f1aeb0f41bf8a173abee2cf7) Importer(815301076,1909f56bfc062723c751e8b465ee728b)
Start importing Assets/cardUVgrayscale.png using Guid(05603858f1aeb0f41bf8a173abee2cf7) Importer(815301076,1909f56bfc062723c751e8b465ee728b)  -> (artifact id: 'd7d300aff3e14a08569e67d85b9ac93d') in 0.013988 seconds
  Import took 0.017084 seconds .

========================================================================
Received Import Request.
  Time since last request: 19.524327 seconds.
  path: Assets
  artifactKey: Guid(00000000000000001000000000000000) Importer(815301076,1909f56bfc062723c751e8b465ee728b)
Start importing Assets using Guid(00000000000000001000000000000000) Importer(815301076,1909f56bfc062723c751e8b465ee728b)  -> (artifact id: 'e1a2c4dac9df7c17871e19a3b74f0e9f') in 0.001596 seconds
  Import took 0.005454 seconds .

========================================================================
Received Import Request.
  Time since last request: 25.640192 seconds.
  path: Assets/New Shader Graph.shadergraph
  artifactKey: Guid(b0a366be09b0c154e881b9fed5a3ff2e) Importer(815301076,1909f56bfc062723c751e8b465ee728b)
Start importing Assets/New Shader Graph.shadergraph using Guid(b0a366be09b0c154e881b9fed5a3ff2e) Importer(815301076,1909f56bfc062723c751e8b465ee728b)  -> (artifact id: '31445c5d5597b92e4d5944016c44708d') in 0.004223 seconds
  Import took 0.009109 seconds .

========================================================================
Received Import Request.
  Time since last request: 0.569716 seconds.
  path: Assets/New Shader Graph.shadergraph
  artifactKey: Guid(b0a366be09b0c154e881b9fed5a3ff2e) Importer(815301076,1909f56bfc062723c751e8b465ee728b)
Start importing Assets/New Shader Graph.shadergraph using Guid(b0a366be09b0c154e881b9fed5a3ff2e) Importer(815301076,1909f56bfc062723c751e8b465ee728b)  -> (artifact id: '31445c5d5597b92e4d5944016c44708d') in 0.002005 seconds
  Import took 0.005701 seconds .

========================================================================
Received Import Request.
  Time since last request: 10.996478 seconds.
  path: Assets/ShaderCardLava.shadergraph
  artifactKey: Guid(b0a366be09b0c154e881b9fed5a3ff2e) Importer(815301076,1909f56bfc062723c751e8b465ee728b)
Start importing Assets/ShaderCardLava.shadergraph using Guid(b0a366be09b0c154e881b9fed5a3ff2e) Importer(815301076,1909f56bfc062723c751e8b465ee728b)  -> (artifact id: 'b037db7a84c32ae2b46508294175fc4e') in 0.001936 seconds
  Import took 0.006129 seconds .

========================================================================
Received Import Request.
  Time since last request: 17.683997 seconds.
  path: Assets/Card.mat
  artifactKey: Guid(3bcc44b04b0a8e543b86ff810fd1a3a0) Importer(815301076,1909f56bfc062723c751e8b465ee728b)
Start importing Assets/Card.mat using Guid(3bcc44b04b0a8e543b86ff810fd1a3a0) Importer(815301076,1909f56bfc062723c751e8b465ee728b)  -> (artifact id: '2164be99837385968098c8df1a4306c1') in 0.030291 seconds
  Import took 0.072772 seconds .

========================================================================
Received Import Request.
  Time since last request: 106.721030 seconds.
  path: Assets/card.fbx
  artifactKey: Guid(6db34e986534be044b4ad61c78953a57) Importer(815301076,1909f56bfc062723c751e8b465ee728b)
Start importing Assets/card.fbx using Guid(6db34e986534be044b4ad61c78953a57) Importer(815301076,1909f56bfc062723c751e8b465ee728b)  -> (artifact id: 'ea7e0c5228b2656488f0d4402083cc0d') in 0.542897 seconds
  Import took 0.546828 seconds .

========================================================================
Received Import Request.
  Time since last request: 70.490209 seconds.
  path: Assets/Card.mat
  artifactKey: Guid(3bcc44b04b0a8e543b86ff810fd1a3a0) Importer(815301076,1909f56bfc062723c751e8b465ee728b)
Start importing Assets/Card.mat using Guid(3bcc44b04b0a8e543b86ff810fd1a3a0) Importer(815301076,1909f56bfc062723c751e8b465ee728b)  -> (artifact id: '0f59fa196a22e80838a8a98495f58664') in 0.011431 seconds
  Import took 0.025456 seconds .

AssetImportWorkerClient::OnTransportError - code=2 error=End of file
